2026-04-20 23:55:02,175 [INFO] Iniciando ciclo de sincronizaciµn...
2026-04-20 23:55:03,258 [INFO] Conectado a SQL Server Local.
2026-04-20 23:55:03,968 [INFO] Conectado a MySQL Remoto.
2026-04-20 23:55:04,113 [ERROR] Error durante la sincronizaciµn: 0
2026-04-20 23:55:04,292 [INFO] Esperando 5 minutos para el siguiente ciclo...
2026-04-20 23:55:08,962 [INFO] Sincronizaciµn detenida por el usuario.
2026-04-20 23:55:39,927 [INFO] Iniciando ciclo de sincronizaciµn...
2026-04-20 23:56:32,618 [ERROR] Error conectando a Base de Datos Local (sqlserver): ('08001', '[08001] [Microsoft][ODBC SQL Server Driver][DBNETLIB]No existe el servidor SQL Server o se ha denegado el acceso al mismo. (17) (SQLDriverConnect); [08001] [Microsoft][ODBC SQL Server Driver][DBNETLIB]ConnectionOpen (Connect()). (53)')
2026-04-20 23:56:32,619 [ERROR] No se pudo establecer conexiµn con ambas bases de datos.
2026-04-20 23:56:32,619 [INFO] Esperando 5 minutos para el siguiente ciclo...
2026-04-20 23:57:08,230 [INFO] Sincronizaciµn detenida por el usuario.
2026-04-20 23:57:10,656 [INFO] Iniciando ciclo de sincronizaciµn...
2026-04-20 23:57:11,673 [INFO] Conectado a SQL Server Local.
2026-04-20 23:57:12,135 [INFO] Conectado a MySQL Remoto.
2026-04-20 23:57:12,287 [ERROR] Error durante la sincronizaciµn: 0
2026-04-20 23:57:12,458 [INFO] Esperando 5 minutos para el siguiente ciclo...
2026-04-20 23:57:14,022 [INFO] Sincronizaciµn detenida por el usuario.
2026-04-20 23:58:58,786 [INFO] Iniciando ciclo de sincronizaciµn...
2026-04-20 23:58:59,816 [INFO] Conectado a SQL Server Local.
2026-04-20 23:59:00,332 [INFO] Conectado a MySQL Remoto.
2026-04-20 23:59:00,478 [ERROR] Error durante la sincronizaciµn:
Traceback (most recent call last):
  File "C:\Users\Ruben\Documents\Antigravity Projects\nexus-sincronizacion\utils.py", line 48, in campo_requerido
    return getattr(row, field_name)
AttributeError: 'dict' object has no attribute 'FechaCorteInv'

During handling of the above exception, another exception occurred:

Traceback (most recent call last):
  File "C:\Users\Ruben\Documents\Antigravity Projects\nexus-sincronizacion\sync_engine.py", line 44, in execute_sync
    vl_fecha_act_inv = campo_requerido(remote_cur, sql, 'FechaCorteInv')
  File "C:\Users\Ruben\Documents\Antigravity Projects\nexus-sincronizacion\utils.py", line 56, in campo_requerido
    return row[idx]
           ~~~^^^^^
KeyError: 0
2026-04-20 23:59:00,659 [INFO] Esperando 5 minutos para el siguiente ciclo...
2026-04-20 23:59:26,716 [INFO] Iniciando ciclo de sincronizaciµn...
2026-04-20 23:59:27,711 [INFO] Conectado a SQL Server Local.
2026-04-20 23:59:28,176 [INFO] Conectado a MySQL Remoto.
2026-04-20 23:59:28,330 [INFO] Öltima transmisiµn: 2026-04-18 00:00:00
2026-04-20 23:59:28,330 [INFO] Recibiendo Movimientos...
2026-04-20 23:59:29,034 [ERROR] Error durante la sincronizaciµn:
Traceback (most recent call last):
  File "C:\Users\Ruben\Documents\Antigravity Projects\nexus-sincronizacion\sync_engine.py", line 50, in execute_sync
    self.sync_movements_99(local_cur, remote_cur, vl_fecha_act_inv_str)
    ~~~~~~~~~~~~~~~~~~~~~~^^^^^^^^^^^^^^^^^^^^^^^^^^^^^^^^^^^^^^^^^^^^^
  File "C:\Users\Ruben\Documents\Antigravity Projects\nexus-sincronizacion\sync_engine.py", line 124, in sync_movements_99
    local_cur.execute(sql1 + sql2)
    ~~~~~~~~~~~~~~~~~^^^^^^^^^^^^^
pyodbc.DataError: ('22007', '[22007] [Microsoft][ODBC SQL Server Driver][SQL Server]La conversiµn del tipo de datos varchar en datetime produjo un valor fuera de intervalo. (242) (SQLExecDirectW); [22007] [Microsoft][ODBC SQL Server Driver][SQL Server]Se terminµ la instrucciµn. (3621)')
2026-04-20 23:59:29,228 [INFO] Esperando 5 minutos para el siguiente ciclo...
2026-04-20 23:59:56,207 [INFO] Iniciando ciclo de sincronizaciµn...
2026-04-20 23:59:57,218 [INFO] Conectado a SQL Server Local.
2026-04-20 23:59:57,669 [INFO] Conectado a MySQL Remoto.
2026-04-20 23:59:57,818 [INFO] Öltima transmisiµn: 2026-04-18 00:00:00
2026-04-20 23:59:57,818 [INFO] Recibiendo Movimientos...
2026-04-20 23:59:58,412 [ERROR] Error durante la sincronizaciµn:
Traceback (most recent call last):
  File "C:\Users\Ruben\Documents\Antigravity Projects\nexus-sincronizacion\sync_engine.py", line 50, in execute_sync
    self.sync_movements_99(local_cur, remote_cur, vl_fecha_act_inv_str)
    ~~~~~~~~~~~~~~~~~~~~~~^^^^^^^^^^^^^^^^^^^^^^^^^^^^^^^^^^^^^^^^^^^^^
  File "C:\Users\Ruben\Documents\Antigravity Projects\nexus-sincronizacion\sync_engine.py", line 124, in sync_movements_99
    local_cur.execute(sql1 + sql2)
    ~~~~~~~~~~~~~~~~~^^^^^^^^^^^^^
pyodbc.DataError: ('22007', '[22007] [Microsoft][ODBC SQL Server Driver][SQL Server]La conversiµn del tipo de datos varchar en datetime produjo un valor fuera de intervalo. (242) (SQLExecDirectW); [22007] [Microsoft][ODBC SQL Server Driver][SQL Server]Se terminµ la instrucciµn. (3621)')
2026-04-20 23:59:58,587 [INFO] Esperando 5 minutos para el siguiente ciclo...
2026-04-21 00:01:31,743 [INFO] Iniciando ciclo de sincronizaciµn...
2026-04-21 00:01:32,755 [INFO] Conectado a SQL Server Local.
2026-04-21 00:01:33,325 [INFO] Conectado a MySQL Remoto.
2026-04-21 00:01:33,474 [INFO] Öltima transmisiµn: 2026-04-18 00:00:00
2026-04-21 00:01:33,474 [INFO] Recibiendo Movimientos...
2026-04-21 00:01:33,734 [INFO] Recibiendo ArtÚculos...
2026-04-21 00:02:23,586 [INFO] Sincronizaciµn detenida por el usuario.
2026-04-21 00:02:25,205 [INFO] Iniciando ciclo de sincronizaciµn...
2026-04-21 00:02:26,301 [INFO] Conectado a SQL Server Local (DATEFORMAT ymd).
2026-04-21 00:02:26,766 [INFO] Conectado a MySQL Remoto.
2026-04-21 00:02:26,915 [INFO] Öltima transmisiµn: 2026-04-18 00:00:00
2026-04-21 00:02:26,915 [INFO] Recibiendo Movimientos...
2026-04-21 00:02:28,302 [INFO] Recibiendo ArtÚculos...
2026-04-21 00:02:46,717 [INFO] Iniciando ciclo de sincronizaciµn...
2026-04-21 00:02:47,830 [INFO] Conectado a SQL Server Local (DATEFORMAT ymd).
2026-04-21 00:02:48,436 [INFO] Conectado a MySQL Remoto.
2026-04-21 00:02:48,583 [INFO] Öltima transmisiµn: 2026-04-18 00:00:00
2026-04-21 00:02:48,583 [INFO] Recibiendo Movimientos...
2026-04-21 00:02:48,866 [INFO] Recibiendo ArtÚculos...
2026-04-21 00:03:04,556 [INFO] Sincronizaciµn detenida por el usuario.
2026-04-21 00:05:26,571 [INFO] Iniciando ciclo de sincronizaciµn...
2026-04-21 00:05:27,677 [INFO] Conectado a SQL Server Local (DATEFORMAT ymd).
2026-04-21 00:05:28,225 [INFO] Conectado a MySQL Remoto.
2026-04-21 00:05:28,388 [INFO] Öltima transmisiµn: 2026-04-19 00:00:00
2026-04-21 00:05:28,388 [INFO] Recibiendo Movimientos...
2026-04-21 00:05:59,770 [INFO] Recibiendo ArtÚculos...
2026-04-21 00:07:35,089 [INFO] Iniciando ciclo de sincronizaciµn...
2026-04-21 00:07:36,213 [INFO] Conectado a SQL Server Local (DATEFORMAT ymd).
2026-04-21 00:07:36,723 [INFO] Conectado a MySQL Remoto.
2026-04-21 00:07:36,864 [INFO] Öltima transmisiµn: 2026-04-19 00:00:00
2026-04-21 00:07:36,865 [INFO] Recibiendo Movimientos...
2026-04-21 00:08:07,569 [INFO] Recibiendo ArtÚculos...
2026-04-21 00:08:07,626 [INFO] Bloqueando ArtÚculos...
2026-04-21 00:08:07,677 [INFO] Recibiendo Socios...
2026-04-21 00:08:08,202 [INFO] Actualizando Precios...
2026-04-21 00:08:08,264 [INFO] Recibiendo tblCategorias...
2026-04-21 00:08:08,318 [INFO] Recibiendo tblUsuarios...
2026-04-21 00:08:08,371 [INFO] Recibiendo tblSucursales...
2026-04-21 00:08:08,429 [INFO] Recibiendo tblZonas...
2026-04-21 00:08:08,483 [INFO] Recibiendo tblTiposPago...
2026-04-21 00:08:08,545 [INFO] Recibiendo tblBancos...
2026-04-21 00:08:08,592 [INFO] Reparando Traspasos...
2026-04-21 00:08:08,766 [INFO] Enviando Ventas...
2026-04-21 00:08:09,143 [INFO] Enviando Consignaciones...
2026-04-21 00:08:09,321 [INFO] Enviando Configuraciµn de Resurtido...
2026-04-21 00:08:09,510 [INFO] Enviando Devoluciones...
2026-04-21 00:08:09,689 [INFO] Enviando Aperturas...
2026-04-21 00:08:09,805 [INFO] Enviando Retiros...
2026-04-21 00:08:09,905 [INFO] Enviando Anticipos...
2026-04-21 00:08:10,089 [INFO] Recibiendo Movimientos Finales...
2026-04-21 00:08:17,425 [INFO] Sincronizaciµn finalizada exitosamente.
2026-04-21 00:08:17,524 [INFO] Esperando 1 minutos para el siguiente ciclo...
2026-04-21 00:08:49,496 [INFO] Sincronizaciµn detenida por el usuario.
